<?xml version="1.0" encoding="UTF-8"?>
<!-- Generated by org.testng.reporters.JUnitReportReporter -->
<testsuite skipped="0" hostname="subashs-MacBook-Pro.local" name="LobsterApiTest.SearchCourceTest" tests="4" failures="0" timestamp="23 Jul 2019 16:39:39 GMT" time="3.198" errors="0">
  <testcase name="postAPITest" time="1.390" classname="LobsterApiTest.SearchCourceTest"/>
  <testcase name="postAPITest" time="0.637" classname="LobsterApiTest.SearchCourceTest"/>
  <testcase name="postAPITest" time="0.503" classname="LobsterApiTest.SearchCourceTest"/>
  <testcase name="postAPITest" time="0.668" classname="LobsterApiTest.SearchCourceTest"/>
</testsuite> <!-- LobsterApiTest.SearchCourceTest -->
